[0.575s] Invoking command in '/home/student/irslab_ws/src/hand_solo_virtual_nav': PYTHONPATH=/home/student/irslab_ws/src/hand_solo_virtual_nav/build/hand_solo_virtual_nav/prefix_override:/usr/lib/python3/dist-packages/colcon_core/task/python/colcon_distutils_commands:/home/student/irslab_ws/src/hand_solo_virtual_nav/install/hand_solo_virtual_nav/lib/python3.10/site-packages:${PYTHONPATH} /usr/bin/python3 -W ignore:setup.py install is deprecated -W ignore:easy_install command is deprecated setup.py egg_info --egg-base build/hand_solo_virtual_nav build --build-base /home/student/irslab_ws/src/hand_solo_virtual_nav/build/hand_solo_virtual_nav/build install --record /home/student/irslab_ws/src/hand_solo_virtual_nav/build/hand_solo_virtual_nav/install.log --single-version-externally-managed install_data
[0.773s] running egg_info
[0.774s] writing build/hand_solo_virtual_nav/hand_solo_virtual_nav.egg-info/PKG-INFO
[0.774s] writing dependency_links to build/hand_solo_virtual_nav/hand_solo_virtual_nav.egg-info/dependency_links.txt
[0.774s] writing entry points to build/hand_solo_virtual_nav/hand_solo_virtual_nav.egg-info/entry_points.txt
[0.774s] writing requirements to build/hand_solo_virtual_nav/hand_solo_virtual_nav.egg-info/requires.txt
[0.774s] writing top-level names to build/hand_solo_virtual_nav/hand_solo_virtual_nav.egg-info/top_level.txt
[0.776s] reading manifest file 'build/hand_solo_virtual_nav/hand_solo_virtual_nav.egg-info/SOURCES.txt'
[0.782s] adding license file 'LICENSE'
[0.783s] writing manifest file 'build/hand_solo_virtual_nav/hand_solo_virtual_nav.egg-info/SOURCES.txt'
[0.783s] running build
[0.783s] running build_py
[0.785s] running install
[0.785s] running install_lib
[0.789s] running install_data
[0.790s] copying launch/nav_launch.py -> /home/student/irslab_ws/src/hand_solo_virtual_nav/install/hand_solo_virtual_nav/share/hand_solo_virtual_nav/launch
[0.790s] copying config/pa_nav2_params.yaml -> /home/student/irslab_ws/src/hand_solo_virtual_nav/install/hand_solo_virtual_nav/share/hand_solo_virtual_nav/config
[0.790s] copying rviz/pa_rviz_nav2.rviz -> /home/student/irslab_ws/src/hand_solo_virtual_nav/install/hand_solo_virtual_nav/share/hand_solo_virtual_nav/rviz
[0.791s] creating /home/student/irslab_ws/src/hand_solo_virtual_nav/install/hand_solo_virtual_nav/share/hand_solo_virtual_nav/map
[0.791s] running install_egg_info
[0.793s] removing '/home/student/irslab_ws/src/hand_solo_virtual_nav/install/hand_solo_virtual_nav/lib/python3.10/site-packages/hand_solo_virtual_nav-0.0.0-py3.10.egg-info' (and everything under it)
[0.793s] Copying build/hand_solo_virtual_nav/hand_solo_virtual_nav.egg-info to /home/student/irslab_ws/src/hand_solo_virtual_nav/install/hand_solo_virtual_nav/lib/python3.10/site-packages/hand_solo_virtual_nav-0.0.0-py3.10.egg-info
[0.794s] running install_scripts
[0.813s] Installing hs_waypoint_follower script to /home/student/irslab_ws/src/hand_solo_virtual_nav/install/hand_solo_virtual_nav/lib/hand_solo_virtual_nav
[0.814s] writing list of installed files to '/home/student/irslab_ws/src/hand_solo_virtual_nav/build/hand_solo_virtual_nav/install.log'
[0.859s] Invoked command in '/home/student/irslab_ws/src/hand_solo_virtual_nav' returned '0': PYTHONPATH=/home/student/irslab_ws/src/hand_solo_virtual_nav/build/hand_solo_virtual_nav/prefix_override:/usr/lib/python3/dist-packages/colcon_core/task/python/colcon_distutils_commands:/home/student/irslab_ws/src/hand_solo_virtual_nav/install/hand_solo_virtual_nav/lib/python3.10/site-packages:${PYTHONPATH} /usr/bin/python3 -W ignore:setup.py install is deprecated -W ignore:easy_install command is deprecated setup.py egg_info --egg-base build/hand_solo_virtual_nav build --build-base /home/student/irslab_ws/src/hand_solo_virtual_nav/build/hand_solo_virtual_nav/build install --record /home/student/irslab_ws/src/hand_solo_virtual_nav/build/hand_solo_virtual_nav/install.log --single-version-externally-managed install_data
