[0.096s] DEBUG:colcon:Command line arguments: ['/usr/bin/colcon', 'build']
[0.096s] DEBUG:colcon:Parsed command line arguments: Namespace(log_base=None, log_level=None, verb_name='build', build_base='build', install_base='install', merge_install=False, symlink_install=False, test_result_base=None, continue_on_error=False, executor='parallel', parallel_workers=12, event_handlers=None, ignore_user_meta=False, metas=['./colcon.meta'], base_paths=['.'], packages_ignore=None, packages_ignore_regex=None, paths=None, packages_up_to=None, packages_up_to_regex=None, packages_above=None, packages_above_and_dependencies=None, packages_above_depth=None, packages_select_by_dep=None, packages_skip_by_dep=None, packages_skip_up_to=None, packages_select_build_failed=False, packages_skip_build_finished=False, packages_select_test_failures=False, packages_skip_test_passed=False, packages_select=None, packages_skip=None, packages_select_regex=None, packages_skip_regex=None, packages_start=None, packages_end=None, allow_overriding=[], cmake_args=None, cmake_target=None, cmake_target_skip_unavailable=False, cmake_clean_cache=False, cmake_clean_first=False, cmake_force_configure=False, ament_cmake_args=None, catkin_cmake_args=None, catkin_skip_building_tests=False, mixin_files=None, mixin=None, verb_parser=<colcon_mixin.mixin.mixin_argument.MixinArgumentDecorator object at 0x7fc8e8b7a560>, verb_extension=<colcon_core.verb.build.BuildVerb object at 0x7fc8e8b79ff0>, main=<bound method BuildVerb.main of <colcon_core.verb.build.BuildVerb object at 0x7fc8e8b79ff0>>, mixin_verb=('build',))
[0.232s] Level 1:colcon.colcon_core.package_discovery:discover_packages(colcon_meta) check parameters
[0.233s] Level 1:colcon.colcon_core.package_discovery:discover_packages(recursive) check parameters
[0.233s] Level 1:colcon.colcon_core.package_discovery:discover_packages(ignore) check parameters
[0.233s] Level 1:colcon.colcon_core.package_discovery:discover_packages(path) check parameters
[0.233s] Level 1:colcon.colcon_core.package_discovery:discover_packages(colcon_meta) discover
[0.233s] Level 1:colcon.colcon_core.package_discovery:discover_packages(recursive) discover
[0.233s] INFO:colcon.colcon_core.package_discovery:Crawling recursively for packages in '/home/student/irslab_ws/src/hand_solo_virtual_nav'
[0.233s] Level 1:colcon.colcon_core.package_identification:_identify(.) by extensions ['ignore', 'ignore_ament_install']
[0.233s] Level 1:colcon.colcon_core.package_identification:_identify(.) by extension 'ignore'
[0.233s] Level 1:colcon.colcon_core.package_identification:_identify(.) by extension 'ignore_ament_install'
[0.233s] Level 1:colcon.colcon_core.package_identification:_identify(.) by extensions ['colcon_pkg']
[0.233s] Level 1:colcon.colcon_core.package_identification:_identify(.) by extension 'colcon_pkg'
[0.233s] Level 1:colcon.colcon_core.package_identification:_identify(.) by extensions ['colcon_meta']
[0.234s] Level 1:colcon.colcon_core.package_identification:_identify(.) by extension 'colcon_meta'
[0.234s] Level 1:colcon.colcon_core.package_identification:_identify(.) by extensions ['ros']
[0.234s] Level 1:colcon.colcon_core.package_identification:_identify(.) by extension 'ros'
[0.246s] DEBUG:colcon.colcon_core.package_identification:Package '.' with type 'ros.ament_python' and name 'hand_solo_virtual_nav'
[0.247s] Level 1:colcon.colcon_core.package_discovery:discover_packages(recursive) using defaults
[0.247s] Level 1:colcon.colcon_core.package_discovery:discover_packages(ignore) discover
[0.247s] Level 1:colcon.colcon_core.package_discovery:discover_packages(ignore) using defaults
[0.247s] Level 1:colcon.colcon_core.package_discovery:discover_packages(path) discover
[0.247s] Level 1:colcon.colcon_core.package_discovery:discover_packages(path) using defaults
[0.288s] Level 1:colcon.colcon_core.package_discovery:discover_packages(prefix_path) check parameters
[0.288s] Level 1:colcon.colcon_core.package_discovery:discover_packages(prefix_path) discover
[0.290s] DEBUG:colcon.colcon_installed_package_information.package_discovery:Found 362 installed packages in /opt/ros/humble
[0.292s] Level 1:colcon.colcon_core.package_discovery:discover_packages(prefix_path) using defaults
[0.325s] Level 5:colcon.colcon_core.verb:set package 'hand_solo_virtual_nav' build argument 'cmake_args' from command line to 'None'
[0.325s] Level 5:colcon.colcon_core.verb:set package 'hand_solo_virtual_nav' build argument 'cmake_target' from command line to 'None'
[0.325s] Level 5:colcon.colcon_core.verb:set package 'hand_solo_virtual_nav' build argument 'cmake_target_skip_unavailable' from command line to 'False'
[0.325s] Level 5:colcon.colcon_core.verb:set package 'hand_solo_virtual_nav' build argument 'cmake_clean_cache' from command line to 'False'
[0.325s] Level 5:colcon.colcon_core.verb:set package 'hand_solo_virtual_nav' build argument 'cmake_clean_first' from command line to 'False'
[0.325s] Level 5:colcon.colcon_core.verb:set package 'hand_solo_virtual_nav' build argument 'cmake_force_configure' from command line to 'False'
[0.325s] Level 5:colcon.colcon_core.verb:set package 'hand_solo_virtual_nav' build argument 'ament_cmake_args' from command line to 'None'
[0.325s] Level 5:colcon.colcon_core.verb:set package 'hand_solo_virtual_nav' build argument 'catkin_cmake_args' from command line to 'None'
[0.325s] Level 5:colcon.colcon_core.verb:set package 'hand_solo_virtual_nav' build argument 'catkin_skip_building_tests' from command line to 'False'
[0.325s] DEBUG:colcon.colcon_core.verb:Building package 'hand_solo_virtual_nav' with the following arguments: {'ament_cmake_args': None, 'build_base': '/home/student/irslab_ws/src/hand_solo_virtual_nav/build/hand_solo_virtual_nav', 'catkin_cmake_args': None, 'catkin_skip_building_tests': False, 'cmake_args': None, 'cmake_clean_cache': False, 'cmake_clean_first': False, 'cmake_force_configure': False, 'cmake_target': None, 'cmake_target_skip_unavailable': False, 'install_base': '/home/student/irslab_ws/src/hand_solo_virtual_nav/install/hand_solo_virtual_nav', 'merge_install': False, 'path': '/home/student/irslab_ws/src/hand_solo_virtual_nav', 'symlink_install': False, 'test_result_base': None}
[0.326s] INFO:colcon.colcon_core.executor:Executing jobs using 'parallel' executor
[0.327s] DEBUG:colcon.colcon_parallel_executor.executor.parallel:run_until_complete
[0.327s] INFO:colcon.colcon_ros.task.ament_python.build:Building ROS package in '/home/student/irslab_ws/src/hand_solo_virtual_nav' with build type 'ament_python'
[0.327s] Level 1:colcon.colcon_core.shell:create_environment_hook('hand_solo_virtual_nav', 'ament_prefix_path')
[0.329s] INFO:colcon.colcon_core.plugin_system:Skipping extension 'colcon_core.shell.bat': Not used on non-Windows systems
[0.329s] INFO:colcon.colcon_core.shell:Creating environment hook '/home/student/irslab_ws/src/hand_solo_virtual_nav/install/hand_solo_virtual_nav/share/hand_solo_virtual_nav/hook/ament_prefix_path.ps1'
[0.339s] INFO:colcon.colcon_core.shell:Creating environment descriptor '/home/student/irslab_ws/src/hand_solo_virtual_nav/install/hand_solo_virtual_nav/share/hand_solo_virtual_nav/hook/ament_prefix_path.dsv'
[0.341s] INFO:colcon.colcon_core.shell:Creating environment hook '/home/student/irslab_ws/src/hand_solo_virtual_nav/install/hand_solo_virtual_nav/share/hand_solo_virtual_nav/hook/ament_prefix_path.sh'
[0.342s] INFO:colcon.colcon_core.shell:Skip shell extension 'powershell' for command environment: Not usable outside of PowerShell
[0.342s] DEBUG:colcon.colcon_core.shell:Skip shell extension 'dsv' for command environment
[0.570s] INFO:colcon.colcon_core.task.python.build:Building Python package in '/home/student/irslab_ws/src/hand_solo_virtual_nav'
[0.571s] INFO:colcon.colcon_core.shell:Skip shell extension 'powershell' for command environment: Not usable outside of PowerShell
[0.571s] DEBUG:colcon.colcon_core.shell:Skip shell extension 'dsv' for command environment
[0.903s] DEBUG:colcon.colcon_core.event_handler.log_command:Invoking command in '/home/student/irslab_ws/src/hand_solo_virtual_nav': PYTHONPATH=/home/student/irslab_ws/src/hand_solo_virtual_nav/build/hand_solo_virtual_nav/prefix_override:/usr/lib/python3/dist-packages/colcon_core/task/python/colcon_distutils_commands:/home/student/irslab_ws/src/hand_solo_virtual_nav/install/hand_solo_virtual_nav/lib/python3.10/site-packages:${PYTHONPATH} /usr/bin/python3 -W ignore:setup.py install is deprecated -W ignore:easy_install command is deprecated setup.py egg_info --egg-base build/hand_solo_virtual_nav build --build-base /home/student/irslab_ws/src/hand_solo_virtual_nav/build/hand_solo_virtual_nav/build install --record /home/student/irslab_ws/src/hand_solo_virtual_nav/build/hand_solo_virtual_nav/install.log --single-version-externally-managed install_data
[1.187s] DEBUG:colcon.colcon_core.event_handler.log_command:Invoked command in '/home/student/irslab_ws/src/hand_solo_virtual_nav' returned '0': PYTHONPATH=/home/student/irslab_ws/src/hand_solo_virtual_nav/build/hand_solo_virtual_nav/prefix_override:/usr/lib/python3/dist-packages/colcon_core/task/python/colcon_distutils_commands:/home/student/irslab_ws/src/hand_solo_virtual_nav/install/hand_solo_virtual_nav/lib/python3.10/site-packages:${PYTHONPATH} /usr/bin/python3 -W ignore:setup.py install is deprecated -W ignore:easy_install command is deprecated setup.py egg_info --egg-base build/hand_solo_virtual_nav build --build-base /home/student/irslab_ws/src/hand_solo_virtual_nav/build/hand_solo_virtual_nav/build install --record /home/student/irslab_ws/src/hand_solo_virtual_nav/build/hand_solo_virtual_nav/install.log --single-version-externally-managed install_data
[1.189s] Level 1:colcon.colcon_core.environment:checking '/home/student/irslab_ws/src/hand_solo_virtual_nav/install/hand_solo_virtual_nav' for CMake module files
[1.189s] Level 1:colcon.colcon_core.environment:checking '/home/student/irslab_ws/src/hand_solo_virtual_nav/install/hand_solo_virtual_nav' for CMake config files
[1.191s] Level 1:colcon.colcon_core.environment:checking '/home/student/irslab_ws/src/hand_solo_virtual_nav/install/hand_solo_virtual_nav/lib'
[1.191s] Level 1:colcon.colcon_core.environment:checking '/home/student/irslab_ws/src/hand_solo_virtual_nav/install/hand_solo_virtual_nav/bin'
[1.192s] Level 1:colcon.colcon_core.environment:checking '/home/student/irslab_ws/src/hand_solo_virtual_nav/install/hand_solo_virtual_nav/lib/pkgconfig/hand_solo_virtual_nav.pc'
[1.192s] Level 1:colcon.colcon_core.environment:checking '/home/student/irslab_ws/src/hand_solo_virtual_nav/install/hand_solo_virtual_nav/lib/python3.10/site-packages'
[1.192s] Level 1:colcon.colcon_core.shell:create_environment_hook('hand_solo_virtual_nav', 'pythonpath')
[1.193s] INFO:colcon.colcon_core.shell:Creating environment hook '/home/student/irslab_ws/src/hand_solo_virtual_nav/install/hand_solo_virtual_nav/share/hand_solo_virtual_nav/hook/pythonpath.ps1'
[1.194s] INFO:colcon.colcon_core.shell:Creating environment descriptor '/home/student/irslab_ws/src/hand_solo_virtual_nav/install/hand_solo_virtual_nav/share/hand_solo_virtual_nav/hook/pythonpath.dsv'
[1.195s] INFO:colcon.colcon_core.shell:Creating environment hook '/home/student/irslab_ws/src/hand_solo_virtual_nav/install/hand_solo_virtual_nav/share/hand_solo_virtual_nav/hook/pythonpath.sh'
[1.196s] Level 1:colcon.colcon_core.environment:checking '/home/student/irslab_ws/src/hand_solo_virtual_nav/install/hand_solo_virtual_nav/bin'
[1.196s] Level 1:colcon.colcon_core.environment:create_environment_scripts_only(hand_solo_virtual_nav)
[1.196s] INFO:colcon.colcon_core.shell:Creating package script '/home/student/irslab_ws/src/hand_solo_virtual_nav/install/hand_solo_virtual_nav/share/hand_solo_virtual_nav/package.ps1'
[1.197s] INFO:colcon.colcon_core.shell:Creating package descriptor '/home/student/irslab_ws/src/hand_solo_virtual_nav/install/hand_solo_virtual_nav/share/hand_solo_virtual_nav/package.dsv'
[1.198s] INFO:colcon.colcon_core.shell:Creating package script '/home/student/irslab_ws/src/hand_solo_virtual_nav/install/hand_solo_virtual_nav/share/hand_solo_virtual_nav/package.sh'
[1.198s] INFO:colcon.colcon_core.shell:Creating package script '/home/student/irslab_ws/src/hand_solo_virtual_nav/install/hand_solo_virtual_nav/share/hand_solo_virtual_nav/package.bash'
[1.199s] INFO:colcon.colcon_core.shell:Creating package script '/home/student/irslab_ws/src/hand_solo_virtual_nav/install/hand_solo_virtual_nav/share/hand_solo_virtual_nav/package.zsh'
[1.199s] Level 1:colcon.colcon_core.environment:create_file_with_runtime_dependencies(/home/student/irslab_ws/src/hand_solo_virtual_nav/install/hand_solo_virtual_nav/share/colcon-core/packages/hand_solo_virtual_nav)
[1.199s] DEBUG:colcon.colcon_parallel_executor.executor.parallel:closing loop
[1.200s] DEBUG:colcon.colcon_parallel_executor.executor.parallel:loop closed
[1.200s] DEBUG:colcon.colcon_parallel_executor.executor.parallel:run_until_complete finished with '0'
[1.200s] DEBUG:colcon.colcon_core.event_reactor:joining thread
[1.204s] INFO:colcon.colcon_core.plugin_system:Skipping extension 'colcon_notification.desktop_notification.terminal_notifier': Not used on non-Darwin systems
[1.204s] INFO:colcon.colcon_core.plugin_system:Skipping extension 'colcon_notification.desktop_notification.win32': Not used on non-Windows systems
[1.204s] INFO:colcon.colcon_notification.desktop_notification:Sending desktop notification using 'notify2'
[1.209s] DEBUG:colcon.colcon_core.event_reactor:joined thread
[1.210s] INFO:colcon.colcon_core.shell:Creating prefix script '/home/student/irslab_ws/src/hand_solo_virtual_nav/install/local_setup.ps1'
[1.213s] INFO:colcon.colcon_core.shell:Creating prefix util module '/home/student/irslab_ws/src/hand_solo_virtual_nav/install/_local_setup_util_ps1.py'
[1.215s] INFO:colcon.colcon_core.shell:Creating prefix chain script '/home/student/irslab_ws/src/hand_solo_virtual_nav/install/setup.ps1'
[1.217s] INFO:colcon.colcon_core.shell:Creating prefix script '/home/student/irslab_ws/src/hand_solo_virtual_nav/install/local_setup.sh'
[1.218s] INFO:colcon.colcon_core.shell:Creating prefix util module '/home/student/irslab_ws/src/hand_solo_virtual_nav/install/_local_setup_util_sh.py'
[1.219s] INFO:colcon.colcon_core.shell:Creating prefix chain script '/home/student/irslab_ws/src/hand_solo_virtual_nav/install/setup.sh'
[1.220s] INFO:colcon.colcon_core.shell:Creating prefix script '/home/student/irslab_ws/src/hand_solo_virtual_nav/install/local_setup.bash'
[1.221s] INFO:colcon.colcon_core.shell:Creating prefix chain script '/home/student/irslab_ws/src/hand_solo_virtual_nav/install/setup.bash'
[1.222s] INFO:colcon.colcon_core.shell:Creating prefix script '/home/student/irslab_ws/src/hand_solo_virtual_nav/install/local_setup.zsh'
[1.222s] INFO:colcon.colcon_core.shell:Creating prefix chain script '/home/student/irslab_ws/src/hand_solo_virtual_nav/install/setup.zsh'
