running egg_info
writing build/hand_solo_virtual_nav/hand_solo_virtual_nav.egg-info/PKG-INFO
writing dependency_links to build/hand_solo_virtual_nav/hand_solo_virtual_nav.egg-info/dependency_links.txt
writing entry points to build/hand_solo_virtual_nav/hand_solo_virtual_nav.egg-info/entry_points.txt
writing requirements to build/hand_solo_virtual_nav/hand_solo_virtual_nav.egg-info/requires.txt
writing top-level names to build/hand_solo_virtual_nav/hand_solo_virtual_nav.egg-info/top_level.txt
reading manifest file 'build/hand_solo_virtual_nav/hand_solo_virtual_nav.egg-info/SOURCES.txt'
adding license file 'LICENSE'
writing manifest file 'build/hand_solo_virtual_nav/hand_solo_virtual_nav.egg-info/SOURCES.txt'
running build
running build_py
copying hand_solo_virtual_nav/hs_waypoint_follower.py -> /home/student/irslab_ws/src/hand_solo_virtual_nav/build/hand_solo_virtual_nav/build/lib/hand_solo_virtual_nav
running install
running install_lib
copying /home/student/irslab_ws/src/hand_solo_virtual_nav/build/hand_solo_virtual_nav/build/lib/hand_solo_virtual_nav/hs_waypoint_follower.py -> /home/student/irslab_ws/src/hand_solo_virtual_nav/install/hand_solo_virtual_nav/lib/python3.10/site-packages/hand_solo_virtual_nav
byte-compiling /home/student/irslab_ws/src/hand_solo_virtual_nav/install/hand_solo_virtual_nav/lib/python3.10/site-packages/hand_solo_virtual_nav/hs_waypoint_follower.py to hs_waypoint_follower.cpython-310.pyc
running install_data
copying launch/nav_launch.py -> /home/student/irslab_ws/src/hand_solo_virtual_nav/install/hand_solo_virtual_nav/share/hand_solo_virtual_nav/launch
copying config/pa_nav2_params.yaml -> /home/student/irslab_ws/src/hand_solo_virtual_nav/install/hand_solo_virtual_nav/share/hand_solo_virtual_nav/config
copying map/pa_warehouse_map_01.yaml -> /home/student/irslab_ws/src/hand_solo_virtual_nav/install/hand_solo_virtual_nav/share/hand_solo_virtual_nav/map
copying map/pa_warehouse_map_01.pgm -> /home/student/irslab_ws/src/hand_solo_virtual_nav/install/hand_solo_virtual_nav/share/hand_solo_virtual_nav/map
running install_egg_info
removing '/home/student/irslab_ws/src/hand_solo_virtual_nav/install/hand_solo_virtual_nav/lib/python3.10/site-packages/hand_solo_virtual_nav-0.0.0-py3.10.egg-info' (and everything under it)
Copying build/hand_solo_virtual_nav/hand_solo_virtual_nav.egg-info to /home/student/irslab_ws/src/hand_solo_virtual_nav/install/hand_solo_virtual_nav/lib/python3.10/site-packages/hand_solo_virtual_nav-0.0.0-py3.10.egg-info
running install_scripts
Installing hs_waypoint_follower script to /home/student/irslab_ws/src/hand_solo_virtual_nav/install/hand_solo_virtual_nav/lib/hand_solo_virtual_nav
writing list of installed files to '/home/student/irslab_ws/src/hand_solo_virtual_nav/build/hand_solo_virtual_nav/install.log'
