[0.632s] Invoking command in '/home/student/irslab_ws/src/hand_solo_virtual_nav': PYTHONPATH=/home/student/irslab_ws/src/hand_solo_virtual_nav/build/hand_solo_virtual_nav/prefix_override:/usr/lib/python3/dist-packages/colcon_core/task/python/colcon_distutils_commands:/home/student/irslab_ws/src/hand_solo_virtual_nav/install/hand_solo_virtual_nav/lib/python3.10/site-packages:${PYTHONPATH} /usr/bin/python3 -W ignore:setup.py install is deprecated -W ignore:easy_install command is deprecated setup.py egg_info --egg-base build/hand_solo_virtual_nav build --build-base /home/student/irslab_ws/src/hand_solo_virtual_nav/build/hand_solo_virtual_nav/build install --record /home/student/irslab_ws/src/hand_solo_virtual_nav/build/hand_solo_virtual_nav/install.log --single-version-externally-managed install_data
[0.848s] running egg_info
[0.850s] creating build/hand_solo_virtual_nav/hand_solo_virtual_nav.egg-info
[0.850s] writing build/hand_solo_virtual_nav/hand_solo_virtual_nav.egg-info/PKG-INFO
[0.850s] writing dependency_links to build/hand_solo_virtual_nav/hand_solo_virtual_nav.egg-info/dependency_links.txt
[0.850s] writing entry points to build/hand_solo_virtual_nav/hand_solo_virtual_nav.egg-info/entry_points.txt
[0.851s] writing requirements to build/hand_solo_virtual_nav/hand_solo_virtual_nav.egg-info/requires.txt
[0.851s] writing top-level names to build/hand_solo_virtual_nav/hand_solo_virtual_nav.egg-info/top_level.txt
[0.851s] writing manifest file 'build/hand_solo_virtual_nav/hand_solo_virtual_nav.egg-info/SOURCES.txt'
[0.853s] reading manifest file 'build/hand_solo_virtual_nav/hand_solo_virtual_nav.egg-info/SOURCES.txt'
[0.853s] adding license file 'LICENSE'
[0.854s] writing manifest file 'build/hand_solo_virtual_nav/hand_solo_virtual_nav.egg-info/SOURCES.txt'
[0.854s] running build
[0.854s] running build_py
[0.854s] creating /home/student/irslab_ws/src/hand_solo_virtual_nav/build/hand_solo_virtual_nav/build
[0.854s] creating /home/student/irslab_ws/src/hand_solo_virtual_nav/build/hand_solo_virtual_nav/build/lib
[0.854s] creating /home/student/irslab_ws/src/hand_solo_virtual_nav/build/hand_solo_virtual_nav/build/lib/hand_solo_virtual_nav
[0.854s] copying hand_solo_virtual_nav/hs_waypoint_follower.py -> /home/student/irslab_ws/src/hand_solo_virtual_nav/build/hand_solo_virtual_nav/build/lib/hand_solo_virtual_nav
[0.854s] copying hand_solo_virtual_nav/__init__.py -> /home/student/irslab_ws/src/hand_solo_virtual_nav/build/hand_solo_virtual_nav/build/lib/hand_solo_virtual_nav
[0.854s] running install
[0.854s] running install_lib
[0.855s] creating /home/student/irslab_ws/src/hand_solo_virtual_nav/install/hand_solo_virtual_nav/lib/python3.10/site-packages/hand_solo_virtual_nav
[0.855s] copying /home/student/irslab_ws/src/hand_solo_virtual_nav/build/hand_solo_virtual_nav/build/lib/hand_solo_virtual_nav/hs_waypoint_follower.py -> /home/student/irslab_ws/src/hand_solo_virtual_nav/install/hand_solo_virtual_nav/lib/python3.10/site-packages/hand_solo_virtual_nav
[0.855s] copying /home/student/irslab_ws/src/hand_solo_virtual_nav/build/hand_solo_virtual_nav/build/lib/hand_solo_virtual_nav/__init__.py -> /home/student/irslab_ws/src/hand_solo_virtual_nav/install/hand_solo_virtual_nav/lib/python3.10/site-packages/hand_solo_virtual_nav
[0.856s] byte-compiling /home/student/irslab_ws/src/hand_solo_virtual_nav/install/hand_solo_virtual_nav/lib/python3.10/site-packages/hand_solo_virtual_nav/hs_waypoint_follower.py to hs_waypoint_follower.cpython-310.pyc
[0.856s] byte-compiling /home/student/irslab_ws/src/hand_solo_virtual_nav/install/hand_solo_virtual_nav/lib/python3.10/site-packages/hand_solo_virtual_nav/__init__.py to __init__.cpython-310.pyc
[0.856s] running install_data
[0.857s] creating /home/student/irslab_ws/src/hand_solo_virtual_nav/install/hand_solo_virtual_nav/share/ament_index
[0.857s] creating /home/student/irslab_ws/src/hand_solo_virtual_nav/install/hand_solo_virtual_nav/share/ament_index/resource_index
[0.857s] creating /home/student/irslab_ws/src/hand_solo_virtual_nav/install/hand_solo_virtual_nav/share/ament_index/resource_index/packages
[0.857s] copying resource/hand_solo_virtual_nav -> /home/student/irslab_ws/src/hand_solo_virtual_nav/install/hand_solo_virtual_nav/share/ament_index/resource_index/packages
[0.857s] copying package.xml -> /home/student/irslab_ws/src/hand_solo_virtual_nav/install/hand_solo_virtual_nav/share/hand_solo_virtual_nav
[0.857s] creating /home/student/irslab_ws/src/hand_solo_virtual_nav/install/hand_solo_virtual_nav/share/hand_solo_virtual_nav/launch
[0.857s] copying launch/mapping_launch.py -> /home/student/irslab_ws/src/hand_solo_virtual_nav/install/hand_solo_virtual_nav/share/hand_solo_virtual_nav/launch
[0.857s] creating /home/student/irslab_ws/src/hand_solo_virtual_nav/install/hand_solo_virtual_nav/share/hand_solo_virtual_nav/config
[0.857s] copying config/pa_slam_params.yaml -> /home/student/irslab_ws/src/hand_solo_virtual_nav/install/hand_solo_virtual_nav/share/hand_solo_virtual_nav/config
[0.857s] creating /home/student/irslab_ws/src/hand_solo_virtual_nav/install/hand_solo_virtual_nav/share/hand_solo_virtual_nav/rviz
[0.857s] copying rviz/pa_rviz_mapping.rviz -> /home/student/irslab_ws/src/hand_solo_virtual_nav/install/hand_solo_virtual_nav/share/hand_solo_virtual_nav/rviz
[0.858s] running install_egg_info
[0.859s] Copying build/hand_solo_virtual_nav/hand_solo_virtual_nav.egg-info to /home/student/irslab_ws/src/hand_solo_virtual_nav/install/hand_solo_virtual_nav/lib/python3.10/site-packages/hand_solo_virtual_nav-0.0.0-py3.10.egg-info
[0.859s] running install_scripts
[0.885s] Installing hs_waypoint_follower script to /home/student/irslab_ws/src/hand_solo_virtual_nav/install/hand_solo_virtual_nav/lib/hand_solo_virtual_nav
[0.886s] writing list of installed files to '/home/student/irslab_ws/src/hand_solo_virtual_nav/build/hand_solo_virtual_nav/install.log'
[0.929s] Invoked command in '/home/student/irslab_ws/src/hand_solo_virtual_nav' returned '0': PYTHONPATH=/home/student/irslab_ws/src/hand_solo_virtual_nav/build/hand_solo_virtual_nav/prefix_override:/usr/lib/python3/dist-packages/colcon_core/task/python/colcon_distutils_commands:/home/student/irslab_ws/src/hand_solo_virtual_nav/install/hand_solo_virtual_nav/lib/python3.10/site-packages:${PYTHONPATH} /usr/bin/python3 -W ignore:setup.py install is deprecated -W ignore:easy_install command is deprecated setup.py egg_info --egg-base build/hand_solo_virtual_nav build --build-base /home/student/irslab_ws/src/hand_solo_virtual_nav/build/hand_solo_virtual_nav/build install --record /home/student/irslab_ws/src/hand_solo_virtual_nav/build/hand_solo_virtual_nav/install.log --single-version-externally-managed install_data
