[0.447s] Invoking command in '/home/student/irslab_ws/src/hand_solo_virtual_nav': PYTHONPATH=/home/student/irslab_ws/src/hand_solo_virtual_nav/build/hand_solo_virtual_nav/prefix_override:/usr/lib/python3/dist-packages/colcon_core/task/python/colcon_distutils_commands:/home/student/irslab_ws/src/hand_solo_virtual_nav/install/hand_solo_virtual_nav/lib/python3.10/site-packages:${PYTHONPATH} /usr/bin/python3 -W ignore:setup.py install is deprecated -W ignore:easy_install command is deprecated setup.py egg_info --egg-base build/hand_solo_virtual_nav build --build-base /home/student/irslab_ws/src/hand_solo_virtual_nav/build/hand_solo_virtual_nav/build install --record /home/student/irslab_ws/src/hand_solo_virtual_nav/build/hand_solo_virtual_nav/install.log --single-version-externally-managed install_data
[0.581s] running egg_info
[0.581s] writing build/hand_solo_virtual_nav/hand_solo_virtual_nav.egg-info/PKG-INFO
[0.589s] writing dependency_links to build/hand_solo_virtual_nav/hand_solo_virtual_nav.egg-info/dependency_links.txt
[0.589s] writing entry points to build/hand_solo_virtual_nav/hand_solo_virtual_nav.egg-info/entry_points.txt
[0.589s] writing requirements to build/hand_solo_virtual_nav/hand_solo_virtual_nav.egg-info/requires.txt
[0.589s] writing top-level names to build/hand_solo_virtual_nav/hand_solo_virtual_nav.egg-info/top_level.txt
[0.590s] reading manifest file 'build/hand_solo_virtual_nav/hand_solo_virtual_nav.egg-info/SOURCES.txt'
[0.591s] adding license file 'LICENSE'
[0.591s] writing manifest file 'build/hand_solo_virtual_nav/hand_solo_virtual_nav.egg-info/SOURCES.txt'
[0.591s] running build
[0.591s] running build_py
[0.592s] copying hand_solo_virtual_nav/hs_waypoint_follower.py -> /home/student/irslab_ws/src/hand_solo_virtual_nav/build/hand_solo_virtual_nav/build/lib/hand_solo_virtual_nav
[0.592s] running install
[0.592s] running install_lib
[0.593s] copying /home/student/irslab_ws/src/hand_solo_virtual_nav/build/hand_solo_virtual_nav/build/lib/hand_solo_virtual_nav/hs_waypoint_follower.py -> /home/student/irslab_ws/src/hand_solo_virtual_nav/install/hand_solo_virtual_nav/lib/python3.10/site-packages/hand_solo_virtual_nav
[0.593s] byte-compiling /home/student/irslab_ws/src/hand_solo_virtual_nav/install/hand_solo_virtual_nav/lib/python3.10/site-packages/hand_solo_virtual_nav/hs_waypoint_follower.py to hs_waypoint_follower.cpython-310.pyc
[0.594s] running install_data
[0.594s] copying launch/nav_launch.py -> /home/student/irslab_ws/src/hand_solo_virtual_nav/install/hand_solo_virtual_nav/share/hand_solo_virtual_nav/launch
[0.595s] copying config/pa_nav2_params.yaml -> /home/student/irslab_ws/src/hand_solo_virtual_nav/install/hand_solo_virtual_nav/share/hand_solo_virtual_nav/config
[0.595s] copying map/pa_warehouse_map_01.yaml -> /home/student/irslab_ws/src/hand_solo_virtual_nav/install/hand_solo_virtual_nav/share/hand_solo_virtual_nav/map
[0.595s] copying map/pa_warehouse_map_01.pgm -> /home/student/irslab_ws/src/hand_solo_virtual_nav/install/hand_solo_virtual_nav/share/hand_solo_virtual_nav/map
[0.596s] running install_egg_info
[0.597s] removing '/home/student/irslab_ws/src/hand_solo_virtual_nav/install/hand_solo_virtual_nav/lib/python3.10/site-packages/hand_solo_virtual_nav-0.0.0-py3.10.egg-info' (and everything under it)
[0.597s] Copying build/hand_solo_virtual_nav/hand_solo_virtual_nav.egg-info to /home/student/irslab_ws/src/hand_solo_virtual_nav/install/hand_solo_virtual_nav/lib/python3.10/site-packages/hand_solo_virtual_nav-0.0.0-py3.10.egg-info
[0.598s] running install_scripts
[0.609s] Installing hs_waypoint_follower script to /home/student/irslab_ws/src/hand_solo_virtual_nav/install/hand_solo_virtual_nav/lib/hand_solo_virtual_nav
[0.610s] writing list of installed files to '/home/student/irslab_ws/src/hand_solo_virtual_nav/build/hand_solo_virtual_nav/install.log'
[0.623s] Invoked command in '/home/student/irslab_ws/src/hand_solo_virtual_nav' returned '0': PYTHONPATH=/home/student/irslab_ws/src/hand_solo_virtual_nav/build/hand_solo_virtual_nav/prefix_override:/usr/lib/python3/dist-packages/colcon_core/task/python/colcon_distutils_commands:/home/student/irslab_ws/src/hand_solo_virtual_nav/install/hand_solo_virtual_nav/lib/python3.10/site-packages:${PYTHONPATH} /usr/bin/python3 -W ignore:setup.py install is deprecated -W ignore:easy_install command is deprecated setup.py egg_info --egg-base build/hand_solo_virtual_nav build --build-base /home/student/irslab_ws/src/hand_solo_virtual_nav/build/hand_solo_virtual_nav/build install --record /home/student/irslab_ws/src/hand_solo_virtual_nav/build/hand_solo_virtual_nav/install.log --single-version-externally-managed install_data
